This is pdfTeX, Version 3.1415926-2.3-1.40.12 (MiKTeX 2.9 64-bit) (preloaded format=pdflatex 2013.12.1)  29 JAN 2014 20:06
entering extended mode
**MLR*with*extra.tex
("E:\NCSU classes\ST 512\Spring 14\notes\me\Class\MLR with extra.tex"
LaTeX2e <2011/06/27>
Babel <v3.8m> and hyphenation patterns for english, afrikaans, ancientgreek, arabic, armenian, assamese, basque, bengali
, bokmal, bulgarian, catalan, coptic, croatian, czech, danish, dutch, esperanto, estonian, farsi, finnish, french, galic
ian, german, german-x-2009-06-19, greek, gujarati, hindi, hungarian, icelandic, indonesian, interlingua, irish, italian,
 kannada, kurmanji, lao, latin, latvian, lithuanian, malayalam, marathi, mongolian, mongolianlmc, monogreek, ngerman, ng
erman-x-2009-06-19, nynorsk, oriya, panjabi, pinyin, polish, portuguese, romanian, russian, sanskrit, serbian, slovak, s
lovenian, spanish, swedish, swissgerman, tamil, telugu, turkish, turkmen, ukenglish, ukrainian, uppersorbian, usenglishm
ax, welsh, loaded.
("C:\Program Files\MiKTeX 2.9\tex\latex\base\article.cls"
Document Class: article 2007/10/19 v1.4h Standard LaTeX document class
("C:\Program Files\MiKTeX 2.9\tex\latex\base\size10.clo"
File: size10.clo 2007/10/19 v1.4h Standard LaTeX file (size option)
)
\c@part=\count79
\c@section=\count80
\c@subsection=\count81
\c@subsubsection=\count82
\c@paragraph=\count83
\c@subparagraph=\count84
\c@figure=\count85
\c@table=\count86
\abovecaptionskip=\skip41
\belowcaptionskip=\skip42
\bibindent=\dimen102
) ("C:\Program Files\MiKTeX 2.9\tex\latex\graphics\epsfig.sty"
Package: epsfig 1999/02/16 v1.7a (e)psfig emulation (SPQR)

("C:\Program Files\MiKTeX 2.9\tex\latex\graphics\graphicx.sty"
Package: graphicx 1999/02/16 v1.0f Enhanced LaTeX Graphics (DPC,SPQR)

("C:\Program Files\MiKTeX 2.9\tex\latex\graphics\keyval.sty"
Package: keyval 1999/03/16 v1.13 key=value parser (DPC)
\KV@toks@=\toks14
)
("C:\Program Files\MiKTeX 2.9\tex\latex\graphics\graphics.sty"
Package: graphics 2009/02/05 v1.0o Standard LaTeX Graphics (DPC,SPQR)
 ("C:\Program Files\MiKTeX 2.9\tex\latex\graphics\trig.sty"
Package: trig 1999/03/16 v1.09 sin cos tan (DPC)
) ("C:\Program Files\MiKTeX 2.9\tex\latex\00miktex\graphics.cfg"
File: graphics.cfg 2007/01/18 v1.5 graphics configuration of teTeX/TeXLive
)
Package graphics Info: Driver file: pdftex.def on input line 91.

("C:\Program Files\MiKTeX 2.9\tex\latex\pdftex-def\pdftex.def"
File: pdftex.def 2011/05/27 v0.06d Graphics/color for pdfTeX

("C:\Program Files\MiKTeX 2.9\tex\generic\oberdiek\infwarerr.sty"
Package: infwarerr 2010/04/08 v1.3 Providing info/warning/message (HO)
)
("C:\Program Files\MiKTeX 2.9\tex\generic\oberdiek\ltxcmds.sty"
Package: ltxcmds 2011/04/18 v1.20 LaTeX kernel commands for general use (HO)
)
\Gread@gobject=\count87
))
\Gin@req@height=\dimen103
\Gin@req@width=\dimen104
)
\epsfxsize=\dimen105
\epsfysize=\dimen106
)
(C:\Users\jbpost2\AppData\Roaming\MiKTeX\2.9\tex\latex\fancybox\fancybox.sty
Package: fancybox 2010/05/15 1.4

Style option: `fancybox' v1.4 <2010/05/15> (tvz)
\@fancybox=\box26
\shadowsize=\dimen107
\@Sbox=\box27
\do@VerbBox=\toks15
\the@fancyput=\toks16
\this@fancyput=\toks17
\EndVerbatimTokens=\toks18
\Verbatim@Outfile=\write3
\Verbatim@Infile=\read1
) ("C:\Program Files\MiKTeX 2.9\tex\latex\ams\math\amsmath.sty"
Package: amsmath 2000/07/18 v2.13 AMS math features
\@mathmargin=\skip43

For additional information on amsmath, use the `?' option.
("C:\Program Files\MiKTeX 2.9\tex\latex\ams\math\amstext.sty"
Package: amstext 2000/06/29 v2.01
 ("C:\Program Files\MiKTeX 2.9\tex\latex\ams\math\amsgen.sty"
File: amsgen.sty 1999/11/30 v2.0
\@emptytoks=\toks19
\ex@=\dimen108
)) ("C:\Program Files\MiKTeX 2.9\tex\latex\ams\math\amsbsy.sty"
Package: amsbsy 1999/11/29 v1.2d
\pmbraise@=\dimen109
)
("C:\Program Files\MiKTeX 2.9\tex\latex\ams\math\amsopn.sty"
Package: amsopn 1999/12/14 v2.01 operator names
)
\inf@bad=\count88
LaTeX Info: Redefining \frac on input line 211.
\uproot@=\count89
\leftroot@=\count90
LaTeX Info: Redefining \overline on input line 307.
\classnum@=\count91
\DOTSCASE@=\count92
LaTeX Info: Redefining \ldots on input line 379.
LaTeX Info: Redefining \dots on input line 382.
LaTeX Info: Redefining \cdots on input line 467.
\Mathstrutbox@=\box28
\strutbox@=\box29
\big@size=\dimen110
LaTeX Font Info:    Redeclaring font encoding OML on input line 567.
LaTeX Font Info:    Redeclaring font encoding OMS on input line 568.
\macc@depth=\count93
\c@MaxMatrixCols=\count94
\dotsspace@=\muskip10
\c@parentequation=\count95
\dspbrk@lvl=\count96
\tag@help=\toks20
\row@=\count97
\column@=\count98
\maxfields@=\count99
\andhelp@=\toks21
\eqnshift@=\dimen111
\alignsep@=\dimen112
\tagshift@=\dimen113
\tagwidth@=\dimen114
\totwidth@=\dimen115
\lineht@=\dimen116
\@envbody=\toks22
\multlinegap=\skip44
\multlinetaggap=\skip45
\mathdisplay@stack=\toks23
LaTeX Info: Redefining \[ on input line 2666.
LaTeX Info: Redefining \] on input line 2667.
)
("C:\Program Files\MiKTeX 2.9\tex\latex\hyperref\hyperref.sty"
Package: hyperref 2011/08/19 v6.82h Hypertext links for LaTeX

("C:\Program Files\MiKTeX 2.9\tex\generic\oberdiek\hobsub-hyperref.sty"
Package: hobsub-hyperref 2011/04/23 v1.4 Bundle oberdiek, subset hyperref (HO)

("C:\Program Files\MiKTeX 2.9\tex\generic\oberdiek\hobsub-generic.sty"
Package: hobsub-generic 2011/04/23 v1.4 Bundle oberdiek, subset generic (HO)
Package: hobsub 2011/04/23 v1.4 Subsetting bundle oberdiek (HO)
Package hobsub Info: Skipping package `infwarerr' (already loaded).
Package hobsub Info: Skipping package `ltxcmds' (already loaded).
Package: ifluatex 2010/03/01 v1.3 Provides the ifluatex switch (HO)
Package ifluatex Info: LuaTeX not detected.
Package: ifvtex 2010/03/01 v1.5 Switches for detecting VTeX and its modes (HO)
Package ifvtex Info: VTeX not detected.
Package: intcalc 2007/09/27 v1.1 Expandable integer calculations (HO)
Package: ifpdf 2011/01/30 v2.3 Provides the ifpdf switch (HO)
Package ifpdf Info: pdfTeX in PDF mode is detected.
Package: etexcmds 2011/02/16 v1.5 Prefix for e-TeX command names (HO)
Package etexcmds Info: Could not find \expanded.
(etexcmds)             That can mean that you are not using pdfTeX 1.50 or
(etexcmds)             that some package has redefined \expanded.
(etexcmds)             In the latter case, load this package earlier.
Package: kvsetkeys 2011/04/07 v1.13 Key value parser (HO)
Package: kvdefinekeys 2011/04/07 v1.3 Defining keys (HO)
Package: pdftexcmds 2011/04/22 v0.16 Utilities of pdfTeX for LuaTeX (HO)
Package pdftexcmds Info: LuaTeX not detected.
Package pdftexcmds Info: \pdf@primitive is available.
Package pdftexcmds Info: \pdf@ifprimitive is available.
Package pdftexcmds Info: \pdfdraftmode found.
Package: pdfescape 2011/04/04 v1.12 Provides string conversions (HO)
Package: bigintcalc 2011/01/30 v1.2 Expandable big integer calculations (HO)
Package: bitset 2011/01/30 v1.1 Data type bit set (HO)
Package: uniquecounter 2011/01/30 v1.2 Provides unlimited unique counter (HO)
)
Package hobsub Info: Skipping package `hobsub' (already loaded).
Package: letltxmacro 2010/09/02 v1.4 Let assignment for LaTeX macros (HO)
Package: hopatch 2011/01/30 v1.0 Wrapper for package hooks (HO)
Package: xcolor-patch 2011/01/30 xcolor patch
Package: atveryend 2011/04/23 v1.7 Hooks at very end of document (HO)
Package: atbegshi 2011/01/30 v1.15 At begin shipout hook (HO)
Package: refcount 2010/12/01 v3.2 Data extraction from references (HO)
Package: hycolor 2011/01/30 v1.7 Color options of hyperref/bookmark (HO)
)
("C:\Program Files\MiKTeX 2.9\tex\generic\ifxetex\ifxetex.sty"
Package: ifxetex 2010/09/12 v0.6 Provides ifxetex conditional
)
("C:\Program Files\MiKTeX 2.9\tex\latex\oberdiek\kvoptions.sty"
Package: kvoptions 2010/12/23 v3.10 Keyval support for LaTeX options (HO)
)
\@linkdim=\dimen117
\Hy@linkcounter=\count100
\Hy@pagecounter=\count101

("C:\Program Files\MiKTeX 2.9\tex\latex\hyperref\pd1enc.def"
File: pd1enc.def 2011/08/19 v6.82h Hyperref: PDFDocEncoding definition (HO)
)
\Hy@SavedSpaceFactor=\count102

("C:\Program Files\MiKTeX 2.9\tex\latex\00miktex\hyperref.cfg"
File: hyperref.cfg 2002/06/06 v1.2 hyperref configuration of TeXLive
)
Package hyperref Info: Hyper figures OFF on input line 4053.
Package hyperref Info: Link nesting OFF on input line 4058.
Package hyperref Info: Hyper index ON on input line 4061.
Package hyperref Info: Plain pages OFF on input line 4068.
Package hyperref Info: Backreferencing OFF on input line 4073.
Package hyperref Info: Implicit mode ON; LaTeX internals redefined.
Package hyperref Info: Bookmarks ON on input line 4291.
\c@Hy@tempcnt=\count103
 ("C:\Program Files\MiKTeX 2.9\tex\latex\ltxmisc\url.sty"
\Urlmuskip=\muskip11
Package: url 2006/04/12  ver 3.3  Verb mode for urls, etc.
)
LaTeX Info: Redefining \url on input line 4644.
\Fld@menulength=\count104
\Field@Width=\dimen118
\Fld@charsize=\dimen119
Package hyperref Info: Hyper figures OFF on input line 5730.
Package hyperref Info: Link nesting OFF on input line 5735.
Package hyperref Info: Hyper index ON on input line 5738.
Package hyperref Info: backreferencing OFF on input line 5745.
Package hyperref Info: Link coloring OFF on input line 5750.
Package hyperref Info: Link coloring with OCG OFF on input line 5755.
Package hyperref Info: PDF/A mode OFF on input line 5760.
LaTeX Info: Redefining \ref on input line 5800.
LaTeX Info: Redefining \pageref on input line 5804.
\Hy@abspage=\count105
\c@Item=\count106
\c@Hfootnote=\count107
)

Package hyperref Message: Driver (autodetected): hpdftex.

("C:\Program Files\MiKTeX 2.9\tex\latex\hyperref\hpdftex.def"
File: hpdftex.def 2011/08/19 v6.82h Hyperref driver for pdfTeX
\Fld@listcount=\count108
\c@bookmark@seq@number=\count109

("C:\Program Files\MiKTeX 2.9\tex\latex\oberdiek\rerunfilecheck.sty"
Package: rerunfilecheck 2011/04/15 v1.7 Rerun checks for auxiliary files (HO)
Package uniquecounter Info: New unique counter `rerunfilecheck' on input line 282.
)
\Hy@SectionHShift=\skip46
)
(C:\Users\jbpost2\AppData\Roaming\MiKTeX\2.9\tex\latex\ulem\ulem.sty
\UL@box=\box30
\UL@hyphenbox=\box31
\UL@skip=\skip47
\UL@hook=\toks24
\UL@height=\dimen120
\UL@pe=\count110
\UL@pixel=\dimen121
\ULC@box=\box32
Package: ulem 2012/05/18
\ULdepth=\dimen122
)
("C:\Program Files\MiKTeX 2.9\tex\latex\tools\tabularx.sty"
Package: tabularx 1999/01/07 v2.07 `tabularx' package (DPC)
 ("C:\Program Files\MiKTeX 2.9\tex\latex\tools\array.sty"
Package: array 2008/09/09 v2.4c Tabular extension package (FMi)
\col@sep=\dimen123
\extrarowheight=\dimen124
\NC@list=\toks25
\extratabsurround=\skip48
\backup@length=\skip49
)
\TX@col@width=\dimen125
\TX@old@table=\dimen126
\TX@old@col=\dimen127
\TX@target=\dimen128
\TX@delta=\dimen129
\TX@cols=\count111
\TX@ftn=\toks26
)
("C:\Program Files\MiKTeX 2.9\tex\latex\graphics\color.sty"
Package: color 2005/11/14 v1.0j Standard LaTeX Color (DPC)
 ("C:\Program Files\MiKTeX 2.9\tex\latex\00miktex\color.cfg"
File: color.cfg 2007/01/18 v1.5 color configuration of teTeX/TeXLive
)
Package color Info: Driver file: pdftex.def on input line 130.
) ("E:\NCSU classes\ST 512\Spring 14\notes\me\Class\MLR with extra.aux")
LaTeX Font Info:    Checking defaults for OML/cmm/m/it on input line 9.
LaTeX Font Info:    ... okay on input line 9.
LaTeX Font Info:    Checking defaults for T1/cmr/m/n on input line 9.
LaTeX Font Info:    ... okay on input line 9.
LaTeX Font Info:    Checking defaults for OT1/cmr/m/n on input line 9.
LaTeX Font Info:    ... okay on input line 9.
LaTeX Font Info:    Checking defaults for OMS/cmsy/m/n on input line 9.
LaTeX Font Info:    ... okay on input line 9.
LaTeX Font Info:    Checking defaults for OMX/cmex/m/n on input line 9.
LaTeX Font Info:    ... okay on input line 9.
LaTeX Font Info:    Checking defaults for U/cmr/m/n on input line 9.
LaTeX Font Info:    ... okay on input line 9.
LaTeX Font Info:    Checking defaults for PD1/pdf/m/n on input line 9.
LaTeX Font Info:    ... okay on input line 9.

(C:\Users\jbpost2\AppData\Roaming\MiKTeX\2.9\tex\context\base\supp-pdf.mkii
[Loading MPS to PDF converter (version 2006.09.02).]
\scratchcounter=\count112
\scratchdimen=\dimen130
\scratchbox=\box33
\nofMPsegments=\count113
\nofMParguments=\count114
\everyMPshowfont=\toks27
\MPscratchCnt=\count115
\MPscratchDim=\dimen131
\MPnumerator=\count116
\makeMPintoPDFobject=\count117
\everyMPtoPDFconversion=\toks28
)
\AtBeginShipoutBox=\box34
Package hyperref Info: Link coloring OFF on input line 9.
 ("C:\Program Files\MiKTeX 2.9\tex\latex\hyperref\nameref.sty"
Package: nameref 2010/04/30 v2.40 Cross-referencing by name of section

("C:\Program Files\MiKTeX 2.9\tex\generic\oberdiek\gettitlestring.sty"
Package: gettitlestring 2010/12/03 v1.4 Cleanup title references (HO)
)
\c@section@level=\count118
)
LaTeX Info: Redefining \ref on input line 9.
LaTeX Info: Redefining \pageref on input line 9.
LaTeX Info: Redefining \nameref on input line 9.

("E:\NCSU classes\ST 512\Spring 14\notes\me\Class\MLR with extra.out")
("E:\NCSU classes\ST 512\Spring 14\notes\me\Class\MLR with extra.out")
\@outlinefile=\write4

Underfull \hbox (badness 10000) in paragraph at lines 14--16

 []


Underfull \hbox (badness 10000) in paragraph at lines 14--16

 []


Underfull \hbox (badness 10000) in paragraph at lines 17--18

 []


Underfull \hbox (badness 10000) in paragraph at lines 17--18

 []

<mlradexp.pdf, id=3, page=1, 614.295pt x 794.97pt>
File: mlradexp.pdf Graphic file (type pdf)
 <use mlradexp.pdf, page 1>
Package pdftex.def Info: mlradexp.pdf, page1 used on input line 38.
(pdftex.def)             Requested size: 275.26704pt x 327.69142pt.
 [1

{C:/Users/jbpost2/AppData/Local/MiKTeX/2.9/pdftex/config/pdftex.map} <E:/NCSU classes/ST 512/Spring 14/notes/me/Class/ml
radexp.pdf>]
<mlradexp.pdf, id=33, page=2, 614.295pt x 794.97pt>
File: mlradexp.pdf Graphic file (type pdf)
 <use mlradexp.pdf, page 2>
Package pdftex.def Info: mlradexp.pdf, page2 used on input line 44.
(pdftex.def)             Requested size: 275.26704pt x 343.34048pt.

<mlradexp.pdf, id=34, page=3, 614.295pt x 794.97pt>
File: mlradexp.pdf Graphic file (type pdf)
 <use mlradexp.pdf, page 3>
Package pdftex.def Info: mlradexp.pdf, page3 used on input line 45.
(pdftex.def)             Requested size: 200.19005pt x 158.64977pt.
 [2 <E:/NCSU classes/ST 512/Spring 14/notes/me/Class/mlradexp.pdf> <E:/NCSU classes/ST 512/Spring 14/notes/me/Class/mlra
dexp.pdf>]
Underfull \hbox (badness 10000) in paragraph at lines 103--106

 []

[3]
LaTeX Font Info:    Try loading font information for OMS+cmr on input line 107.
 ("C:\Program Files\MiKTeX 2.9\tex\latex\base\omscmr.fd"
File: omscmr.fd 1999/05/25 v2.5h Standard LaTeX font definitions
)
LaTeX Font Info:    Font shape `OMS/cmr/m/n' in size <10> not available
(Font)              Font shape `OMS/cmsy/m/n' tried instead on input line 107.

Underfull \hbox (badness 10000) in paragraph at lines 114--116

 []


Underfull \hbox (badness 10000) in paragraph at lines 114--116

 []


Underfull \hbox (badness 10000) in paragraph at lines 117--118

 []


Underfull \hbox (badness 10000) in paragraph at lines 117--118

 []


Underfull \hbox (badness 10000) in paragraph at lines 119--120

 []


Underfull \hbox (badness 10000) in paragraph at lines 119--120

 []

[4]
Underfull \hbox (badness 10000) in paragraph at lines 123--124

 []


Underfull \hbox (badness 10000) in paragraph at lines 146--147

 []


Underfull \hbox (badness 10000) in paragraph at lines 146--147

 []


Underfull \hbox (badness 10000) in paragraph at lines 148--151

 []


Underfull \hbox (badness 10000) in paragraph at lines 148--151

 []


Underfull \hbox (badness 10000) in paragraph at lines 165--165

 []


Underfull \hbox (badness 10000) in paragraph at lines 165--166

 []


Underfull \hbox (badness 10000) in paragraph at lines 167--168

 []

[5] <bodyfat.png, id=78, 418.56375pt x 408.77719pt>
File: bodyfat.png Graphic file (type png)
 <use bodyfat.png>
Package pdftex.def Info: bodyfat.png used on input line 206.
(pdftex.def)             Requested size: 267.39449pt x 267.41107pt.
 [6]
Underfull \hbox (badness 10000) in paragraph at lines 229--232

 []


Underfull \hbox (badness 10000) in paragraph at lines 229--232

 []


Underfull \hbox (badness 10000) in paragraph at lines 233--235

 []

[7 <E:/NCSU classes/ST 512/Spring 14/notes/me/Class/bodyfat.png>]
<bodyfatexample.pdf, id=91, page=1, 614.295pt x 794.97pt>
File: bodyfatexample.pdf Graphic file (type pdf)
 <use bodyfatexample.pdf, page 1>
Package pdftex.def Info: bodyfatexample.pdf, page1 used on input line 250.
(pdftex.def)             Requested size: 221.7887pt x 340.57867pt.

<bodyfatexample.pdf, id=92, page=2, 614.295pt x 794.97pt>
File: bodyfatexample.pdf Graphic file (type pdf)
 <use bodyfatexample.pdf, page 2>
Package pdftex.def Info: bodyfatexample.pdf, page2 used on input line 251.
(pdftex.def)             Requested size: 221.7887pt x 340.57867pt.

<bodyfatexample.pdf, id=93, page=3, 614.295pt x 794.97pt>
File: bodyfatexample.pdf Graphic file (type pdf)
 <use bodyfatexample.pdf, page 3>
Package pdftex.def Info: bodyfatexample.pdf, page3 used on input line 254.
(pdftex.def)             Requested size: 221.7887pt x 340.57867pt.

<bodyfatexample.pdf, id=94, page=4, 614.295pt x 794.97pt>
File: bodyfatexample.pdf Graphic file (type pdf)
 <use bodyfatexample.pdf, page 4>
Package pdftex.def Info: bodyfatexample.pdf, page4 used on input line 255.
(pdftex.def)             Requested size: 221.7887pt x 340.57867pt.

<bodyfatexample.pdf, id=95, page=5, 614.295pt x 794.97pt>
File: bodyfatexample.pdf Graphic file (type pdf)
 <use bodyfatexample.pdf, page 5>
Package pdftex.def Info: bodyfatexample.pdf, page5 used on input line 257.
(pdftex.def)             Requested size: 266.14914pt x 408.69856pt.
 [8 <E:/NCSU classes/ST 512/Spring 14/notes/me/Class/bodyfatexample.pdf> <E:/NCSU classes/ST 512/Spring 14/notes/me/Clas
s/bodyfatexample.pdf>]
[9 <E:/NCSU classes/ST 512/Spring 14/notes/me/Class/bodyfatexample.pdf> <E:/NCSU classes/ST 512/Spring 14/notes/me/Class
/bodyfatexample.pdf>]
Underfull \hbox (badness 10000) in paragraph at lines 260--261

 []


Underfull \hbox (badness 10000) in paragraph at lines 260--261

 []


Underfull \hbox (badness 10000) in paragraph at lines 262--263

 []


Underfull \hbox (badness 10000) in paragraph at lines 262--263

 []


Underfull \hbox (badness 10000) in paragraph at lines 264--265

 []


Underfull \hbox (badness 10000) in paragraph at lines 264--265

 []

[10 <E:/NCSU classes/ST 512/Spring 14/notes/me/Class/bodyfatexample.pdf>]
Underfull \hbox (badness 10000) in paragraph at lines 275--281

 []


Underfull \hbox (badness 10000) in paragraph at lines 275--281

 []


Underfull \hbox (badness 10000) in paragraph at lines 275--281

 []


Underfull \hbox (badness 10000) in paragraph at lines 275--281

 []

<bodyfatexampletriceps.pdf, id=125, page=4, 614.295pt x 794.97pt>
File: bodyfatexampletriceps.pdf Graphic file (type pdf)
 <use bodyfatexampletriceps.pdf, page 4>
Package pdftex.def Info: bodyfatexampletriceps.pdf, page4 used on input line 293.
(pdftex.def)             Requested size: 334.43628pt x 118.4782pt.

Underfull \hbox (badness 10000) in paragraph at lines 296--297

 []


Underfull \hbox (badness 10000) in paragraph at lines 296--297

 []

[11 <E:/NCSU classes/ST 512/Spring 14/notes/me/Class/bodyfatexampletriceps.pdf>]
Underfull \hbox (badness 10000) in paragraph at lines 327--329

 []

<bodyfatexampleselection.pdf, id=147, page=1, 614.295pt x 794.97pt>
File: bodyfatexampleselection.pdf Graphic file (type pdf)
 <use bodyfatexampleselection.pdf, page 1>
Package pdftex.def Info: bodyfatexampleselection.pdf, page1 used on input line 341.
(pdftex.def)             Requested size: 266.14914pt x 408.69856pt.

<bodyfatexampleselection.pdf, id=148, page=2, 614.295pt x 794.97pt>
File: bodyfatexampleselection.pdf Graphic file (type pdf)
 <use bodyfatexampleselection.pdf, page 2>
Package pdftex.def Info: bodyfatexampleselection.pdf, page2 used on input line 342.
(pdftex.def)             Requested size: 266.14914pt x 408.69856pt.

<bodyfatexampleselection.pdf, id=149, page=3, 614.295pt x 794.97pt>
File: bodyfatexampleselection.pdf Graphic file (type pdf)
 <use bodyfatexampleselection.pdf, page 3>
Package pdftex.def Info: bodyfatexampleselection.pdf, page3 used on input line 345.
(pdftex.def)             Requested size: 266.14914pt x 408.69856pt.

<bodyfatexampleselection.pdf, id=150, page=4, 614.295pt x 794.97pt>
File: bodyfatexampleselection.pdf Graphic file (type pdf)
 <use bodyfatexampleselection.pdf, page 4>
Package pdftex.def Info: bodyfatexampleselection.pdf, page4 used on input line 346.
(pdftex.def)             Requested size: 266.14914pt x 408.69856pt.

<bodyfatexampleselection.pdf, id=151, page=5, 614.295pt x 794.97pt>
File: bodyfatexampleselection.pdf Graphic file (type pdf)
 <use bodyfatexampleselection.pdf, page 5>
Package pdftex.def Info: bodyfatexampleselection.pdf, page5 used on input line 348.
(pdftex.def)             Requested size: 266.14914pt x 203.83713pt.

Overfull \hbox (86.54329pt too wide) in paragraph at lines 340--349
 [] 
 []


Overfull \hbox (86.54329pt too wide) in paragraph at lines 340--349
 [] 
 []

[12] [13 <E:/NCSU classes/ST 512/Spring 14/notes/me/Class/bodyfatexampleselection.pdf> <E:/NCSU classes/ST 512/Spring 14
/notes/me/Class/bodyfatexampleselection.pdf>] [14 <E:/NCSU classes/ST 512/Spring 14/notes/me/Class/bodyfatexampleselecti
on.pdf> <E:/NCSU classes/ST 512/Spring 14/notes/me/Class/bodyfatexampleselection.pdf>]
Underfull \hbox (badness 10000) in paragraph at lines 352--353

 []


Underfull \hbox (badness 10000) in paragraph at lines 352--353

 []


Underfull \hbox (badness 10000) in paragraph at lines 352--353

 []


Underfull \hbox (badness 10000) in paragraph at lines 354--365

 []


Underfull \hbox (badness 10000) in paragraph at lines 354--365

 []


Underfull \hbox (badness 10000) in paragraph at lines 354--365

 []


Underfull \hbox (badness 10000) in paragraph at lines 374--375

 []


Underfull \hbox (badness 10000) in paragraph at lines 374--375

 []

[15 <E:/NCSU classes/ST 512/Spring 14/notes/me/Class/bodyfatexampleselection.pdf>]
Underfull \hbox (badness 10000) in paragraph at lines 376--378

 []

<bodyfatexampletypeI.pdf, id=200, page=1, 614.295pt x 794.97pt>
File: bodyfatexampletypeI.pdf Graphic file (type pdf)
 <use bodyfatexampletypeI.pdf, page 1>
Package pdftex.def Info: bodyfatexampletypeI.pdf, page1 used on input line 386.
(pdftex.def)             Requested size: 390.17pt x 337.3905pt.
 [16 <E:/NCSU classes/ST 512/Spring 14/notes/me/Class/bodyfatexampletypeI.pdf>]
Underfull \hbox (badness 10000) in paragraph at lines 391--392

 []


Underfull \hbox (badness 10000) in paragraph at lines 391--392

 []


Underfull \hbox (badness 10000) in paragraph at lines 393--394

 []


Underfull \hbox (badness 10000) in paragraph at lines 393--394

 []

<bodyfatexampletypeIglm.pdf, id=222, page=2, 614.295pt x 794.97pt>
File: bodyfatexampletypeIglm.pdf Graphic file (type pdf)
 <use bodyfatexampletypeIglm.pdf, page 2>
Package pdftex.def Info: bodyfatexampletypeIglm.pdf, page2 used on input line 404.
(pdftex.def)             Requested size: 390.17pt x 397.1409pt.
Package atveryend Info: Empty hook `BeforeClearDocument' on input line 407.
 [17 <E:/NCSU classes/ST 512/Spring 14/notes/me/Class/bodyfatexampletypeIglm.pdf>]
Package atveryend Info: Empty hook `AfterLastShipout' on input line 407.

("E:\NCSU classes\ST 512\Spring 14\notes\me\Class\MLR with extra.aux")
Package atveryend Info: Executing hook `AtVeryEndDocument' on input line 407.
Package atveryend Info: Executing hook `AtEndAfterFileList' on input line 407.
Package rerunfilecheck Info: File `MLR*with*extra.out' has not changed.
(rerunfilecheck)             Checksum: <no file>.
 ) 
Here is how much of TeX's memory you used:
 5924 strings out of 494045
 85410 string characters out of 3148381
 180795 words of memory out of 3000000
 9126 multiletter control sequences out of 15000+200000
 8128 words of font info for 30 fonts, out of 3000000 for 9000
 715 hyphenation exceptions out of 8191
 34i,11n,21p,503b,477s stack positions out of 5000i,500n,10000p,200000b,50000s
<C:/Program Files/MiKTeX 2.9/fonts/type1/public/amsfonts/cm/cmbx10.pfb><C:/Program Files/MiKTeX 2.9/fonts/type1/public
/amsfonts/cm/cmbxti10.pfb><C:/Program Files/MiKTeX 2.9/fonts/type1/public/amsfonts/cm/cmex10.pfb><C:/Program Files/MiKTe
X 2.9/fonts/type1/public/amsfonts/cm/cmmi10.pfb><C:/Program Files/MiKTeX 2.9/fonts/type1/public/amsfonts/cm/cmmi7.pfb><C
:/Program Files/MiKTeX 2.9/fonts/type1/public/amsfonts/cm/cmmib10.pfb><C:/Program Files/MiKTeX 2.9/fonts/type1/public/am
sfonts/cm/cmr10.pfb><C:/Program Files/MiKTeX 2.9/fonts/type1/public/amsfonts/cm/cmr7.pfb><C:/Program Files/MiKTeX 2.9/fo
nts/type1/public/amsfonts/cm/cmsy10.pfb><C:/Program Files/MiKTeX 2.9/fonts/type1/public/amsfonts/cm/cmsy7.pfb><C:/Progra
m Files/MiKTeX 2.9/fonts/type1/public/amsfonts/cm/cmti10.pfb><C:/Program Files/MiKTeX 2.9/fonts/type1/public/amsfonts/cm
/cmtt9.pfb>
Output written on "MLR with extra.pdf" (17 pages, 984490 bytes).
PDF statistics:
 293 PDF objects out of 1000 (max. 8388607)
 38 named destinations out of 1000 (max. 500000)
 86 words of extra memory for PDF output out of 10000 (max. 10000000)

